Temp/gradleOut/launcher/build/outputs/mapping/debug/seeds.txt
com.DefaultCompany.DoodleJump.R$id: int unitySurfaceView
com.DefaultCompany.DoodleJump.R$mipmap: int app_icon
com.DefaultCompany.DoodleJump.R$mipmap: int app_icon_round
com.DefaultCompany.DoodleJump.R$string: int app_name
com.DefaultCompany.DoodleJump.R$string: int game_view_content_description
com.DefaultCompany.DoodleJump.R$style: int BaseUnityTheme
com.DefaultCompany.DoodleJump.R$style: int UnityThemeSelector
com.DefaultCompany.DoodleJump.R$style: int UnityThemeSelector_Translucent
...
com.unity3d.player.UnityPlayer
com.unity3d.player.UnityPlayer: android.app.Activity currentActivity
com.unity3d.player.UnityPlayer: int mInitialScreenOrientation
com.unity3d.player.UnityPlayer: boolean mMainDisplayOverride
com.unity3d.player.UnityPlayer: boolean mIsFullscreen
com.unity3d.player.UnityPlayer: com.unity3d.player.j mState
com.unity3d.player.UnityPlayer: java.util.concurrent.ConcurrentLinkedQueue m_Events
com.unity3d.player.UnityPlayer: android.content.BroadcastReceiver mKillingIsMyBusiness
com.unity3d.player.UnityPlayer: android.view.OrientationEventListener mOrientationListener
com.unity3d.player.UnityPlayer: int mNaturalOrientation
com.unity3d.player.UnityPlayer: int ANR_TIMEOUT_SECONDS
com.unity3d.player.UnityPlayer: int RUN_STATE_CHANGED_MSG_CODE
com.unity3d.player.UnityPlayer: com.unity3d.player.UnityPlayer$e m_MainThread
com.unity3d.player.UnityPlayer: boolean m_AddPhoneCallListener
com.unity3d.player.UnityPlayer: com.unity3d.player.UnityPlayer$c m_PhoneCallListener
com.unity3d.player.UnityPlayer: android.telephony.TelephonyManager m_TelephonyManager
com.unity3d.player.UnityPlayer: android.content.ClipboardManager m_ClipboardManager
com.unity3d.player.UnityPlayer: com.unity3d.player.h m_SplashScreen
com.unity3d.player.UnityPlayer: com.unity3d.player.f m_PersistentUnitySurface
com.unity3d.player.UnityPlayer: com.unity3d.player.GoogleARCoreApi m_ARCoreApi
com.unity3d.player.UnityPlayer: com.unity3d.player.UnityPlayer$a m_FakeListener
com.unity3d.player.UnityPlayer$1
com.unity3d.player.UnityPlayer$1: com.unity3d.player.UnityPlayer a
com.unity3d.player.UnityPlayer$1: UnityPlayer$1(com.unity3d.player.UnityPlayer)
com.unity3d.player.UnityPlayer$1: void onClick(android.content.DialogInterface,int)
com.unity3d.player.UnityPlayer$10
com.unity3d.player.UnityPlayer$10: int a
com.unity3d.player.UnityPlayer$10: int b
com.unity3d.player.UnityPlayer$10: com.unity3d.player.UnityPlayer c
com.unity3d.player.UnityPlayer$10: UnityPlayer$10(com.unity3d.player.UnityPlayer,int,int)
com.unity3d.player.UnityPlayer$10: void run()
com.unity3d.player.UnityPlayer$11
com.unity3d.player.UnityPlayer$11: boolean a
com.unity3d.player.UnityPlayer$11: java.lang.String b
com.unity3d.player.UnityPlayer$11: int c
com.unity3d.player.UnityPlayer$11: com.unity3d.player.UnityPlayer d
com.unity3d.player.UnityPlayer$11: UnityPlayer$11(com.unity3d.player.UnityPlayer,boolean,java.lang.String,int)
com.unity3d.player.UnityPlayer$11: void a()
com.unity3d.player.UnityPlayer$12
com.unity3d.player.UnityPlayer$12: int a
com.unity3d.player.UnityPlayer$12: int b
com.unity3d.player.UnityPlayer$12: com.unity3d.player.UnityPlayer c
com.unity3d.player.UnityPlayer$12: UnityPlayer$12(com.unity3d.player.UnityPlayer,int,int)
com.unity3d.player.UnityPlayer$12: void a()
com.unity3d.player.UnityPlayer$13
com.unity3d.player.UnityPlayer$13: android.graphics.Rect a
com.unity3d.player.UnityPlayer$13: com.unity3d.player.UnityPlayer b
com.unity3d.player.UnityPlayer$13: UnityPlayer$13(com.unity3d.player.UnityPlayer,android.graphics.Rect)
com.unity3d.player.UnityPlayer$13: void a()
com.unity3d.player.UnityPlayer$14
com.unity3d.player.UnityPlayer$14: boolean a
com.unity3d.player.UnityPlayer$14: com.unity3d.player.UnityPlayer b
com.unity3d.player.UnityPlayer$14: UnityPlayer$14(com.unity3d.player.UnityPlayer,boolean)
com.unity3d.player.UnityPlayer$14: void a()
com.unity3d.player.UnityPlayer$15
com.unity3d.player.UnityPlayer$15: com.unity3d.player.UnityPlayer a
com.unity3d.player.UnityPlayer$15: UnityPlayer$15(com.unity3d.player.UnityPlayer)
com.unity3d.player.UnityPlayer$15: void a()
com.unity3d.player.UnityPlayer$16
com.unity3d.player.UnityPlayer$16: com.unity3d.player.UnityPlayer a
com.unity3d.player.UnityPlayer$16: UnityPlayer$16(com.unity3d.player.UnityPlayer)
com.unity3d.player.UnityPlayer$16: void run()