Temp/gradleOut/launcher/build/outputs/mapping/debug/usage.txt
com.DefaultCompany.DoodleJump.BuildConfig
com.DefaultCompany.DoodleJump.R
com.DefaultCompany.DoodleJump.R$id
com.DefaultCompany.DoodleJump.R$mipmap
com.DefaultCompany.DoodleJump.R$string
com.DefaultCompany.DoodleJump.R$style
...
com.unity.androidnotifications.UnityNotificationManager:
    protected static com.unity.androidnotifications.UnityNotificationManager mUnityNotificationManager
    protected static final java.lang.String NOTIFICATION_CHANNELS_SHARED_PREFS
    protected static final java.lang.String NOTIFICATION_CHANNELS_SHARED_PREFS_KEY
    protected static final java.lang.String NOTIFICATION_IDS_SHARED_PREFS
    protected static final java.lang.String NOTIFICATION_IDS_SHARED_PREFS_KEY
    35:81:public UnityNotificationManager(android.content.Context,android.app.Activity)
    84:84:public static com.unity.androidnotifications.UnityNotificationManager getNotificationManagerImpl(android.content.Context)
    89:98:public static com.unity.androidnotifications.UnityNotificationManager getNotificationManagerImpl(android.content.Context,android.app.Activity)
    102:102:public android.app.NotificationManager getNotificationManager()
    112:113:public void setNotificationCallback(com.unity.androidnotifications.NotificationCallback)
    128:152:public void registerNotificationChannel(java.lang.String,java.lang.String,int,java.lang.String,boolean,boolean,boolean,boolean,long[],int)
    199:199:protected com.unity.androidnotifications.NotificationChannelWrapper getNotificationChannel(java.lang.String)
    205:220:public void deleteNotificationChannel(java.lang.String)
    225:233:public java.lang.Object[] getNotificationChannels()
com.unity.androidnotifications.UnityNotificationManagerOreo:
    13:14:public UnityNotificationManagerOreo(android.content.Context,android.app.Activity)
    28:40:public void registerNotificationChannel(java.lang.String,java.lang.String,int,java.lang.String,boolean,boolean,boolean,boolean,long[],int)
    73:76:public void deleteNotificationChannel(java.lang.String)
    80:88:public com.unity.androidnotifications.NotificationChannelWrapper[] getNotificationChannels()
    11:11:public bridge synthetic java.lang.Object[] getNotificationChannels()
com.unity.androidnotifications.UnityNotificationUtilities:
    13:13:public UnityNotificationUtilities()
    34:40:protected static java.lang.String serializeNotificationIntent(android.content.Intent)
com.unity3d.EditorPlugin.BuildConfig
com.unity3d.EditorPlugin.InitializeTest
com.unity3d.EditorPlugin.R
com.unity3d.EditorPlugin.R$string
com.unity3d.scar.adapter.common.BuildConfig
com.unity3d.scar.adapter.common.DispatchGroup:
    20:22:public synchronized void leave()
com.unity3d.scar.adapter.common.GMAAdsError:
    public static final java.lang.String INTERNAL_SHOW_MESSAGE_NOT_LOADED
    public static final java.lang.String INTERNAL_LOAD_MESSAGE_MISSING_QUERYINFO
com.unity3d.scar.adapter.common.IScarInterstitialAdListenerWrapper:
    public abstract void onAdLoaded()
    public abstract void onAdFailedToLoad(int,java.lang.String)
    public abstract void onAdOpened()
    public abstract void onAdFailedToShow(int,java.lang.String)
    public abstract void onAdClicked()
    public abstract void onAdLeftApplication()
    public abstract void onAdClosed()
    public abstract void onAdImpression()
com.unity3d.scar.adapter.common.IScarRewardedAdListenerWrapper:
    public abstract void onRewardedAdLoaded()
    public abstract void onRewardedAdFailedToLoad(int,java.lang.String)
    public abstract void onRewardedAdOpened()
    public abstract void onRewardedAdFailedToShow(int,java.lang.String)
    public abstract void onUserEarnedReward()
    public abstract void onRewardedAdClosed()
    public abstract void onAdImpression()
com.unity3d.scar.adapter.common.IUnityAdsError:
    public abstract java.lang.String getDomain()
    public abstract java.lang.String getDescription()
    public abstract int getCode()
com.unity3d.scar.adapter.common.R
com.unity3d.scar.adapter.common.Utils:
    6:6:public Utils()
com.unity3d.scar.adapter.common.WebViewAdsError:
    21:21:public java.lang.String getDescription()
    26:26:public int getCode()